[2020-08-07 21:48:02.087] [info] start appadwsdfgh
[2020-08-07 21:50:21.363] [info] start appadwsdfgh
[2020-08-07 21:50:30.193] [info] start app2
[2020-08-13 12:30:05.569] [info] Error while fetching gobal data
[2020-08-13 12:30:39.787] [info] Error while fetching cpu detail
[2020-08-19 15:38:03.434] [info] Error while updating asset
[2020-08-19 15:39:03.424] [info] Error while updating asset
[2020-08-19 15:39:14.413] [info] Error while fetching gobal data
[2020-08-19 15:40:03.240] [info] Error while updating asset
[2020-08-19 21:05:29.759] [info] Error while fetching global data
[2020-08-20 12:03:44.015] [info] Error while fetching global data
[2020-08-20 12:04:05.842] [info] Error while updating asset
[2020-08-20 12:04:18.130] [info] Error while fetching asset detail
[2020-08-20 12:04:38.429] [info] Error while fetching asset detail
[2020-08-20 12:05:15.682] [info] Error while fetching global data
[2020-08-26 11:08:26.950] [info] Error while fetching global data
[2020-08-26 11:28:52.615] [info] Error while checking MachineID
[2020-08-26 11:29:02.380] [info] Error while checking MachineID
[2020-08-27 11:18:34.095] [info] Error while checking MachineID
[2020-08-30 19:23:31.299] [info] Error while fetching global data
[2020-09-02 13:03:48.469] [info] Error while fetching global data
[2020-09-02 16:30:25.711] [info] Error while fetching cpu detail
[2020-09-05 12:08:36.059] [info] Error while fetching global data
[2020-09-05 12:09:04.209] [info] Error while updating asset
[2020-09-07 11:42:55.916] [info] Error while fetching global data
